<?xml version="1.0" encoding="UTF-8"?>
<coverage generated="1685190285550" clover="3.2.0">
  <project timestamp="1685190285550" name="All files">
    <metrics statements="9" coveredstatements="9" conditionals="0" coveredconditionals="0" methods="1" coveredmethods="1" elements="10" coveredelements="10" complexity="0" loc="9" ncloc="9" packages="1" files="1" classes="1"/>
    <file name="productController.js" path="/home/anas/Documents/learning/task 2/task-2/controllers/productController.js">
      <metrics statements="9" coveredstatements="9" conditionals="0" coveredconditionals="0" methods="1" coveredmethods="1"/>
      <line num="1" count="1" type="stmt"/>
      <line num="2" count="1" type="stmt"/>
      <line num="4" count="1" type="stmt"/>
      <line num="5" count="2" type="stmt"/>
      <line num="6" count="2" type="stmt"/>
      <line num="7" count="1" type="stmt"/>
      <line num="8" count="1" type="stmt"/>
      <line num="10" count="1" type="stmt"/>
      <line num="14" count="1" type="stmt"/>
    </file>
  </project>
</coverage>
