{"/home/anas/Documents/learning/task 2/task-2/controllers/productController.js": {"path":"/home/anas/Documents/learning/task 2/task-2/controllers/productController.js","statementMap":{"0":{"start":{"line":1,"column":14},"end":{"line":1,"column":30}},"1":{"start":{"line":2,"column":27},"end":{"line":2,"column":63}},"2":{"start":{"line":4,"column":21},"end":{"line":12,"column":1}},"3":{"start":{"line":5,"column":4},"end":{"line":11,"column":5}},"4":{"start":{"line":6,"column":25},"end":{"line":6,"column":77}},"5":{"start":{"line":7,"column":21},"end":{"line":7,"column":50}},"6":{"start":{"line":8,"column":8},"end":{"line":8,"column":55}},"7":{"start":{"line":10,"column":8},"end":{"line":10,"column":66}},"8":{"start":{"line":14,"column":0},"end":{"line":14,"column":34}}},"fnMap":{"0":{"name":"(anonymous_0)","decl":{"start":{"line":4,"column":21},"end":{"line":4,"column":22}},"loc":{"start":{"line":4,"column":47},"end":{"line":12,"column":1}},"line":4}},"branchMap":{},"s":{"0":1,"1":1,"2":1,"3":2,"4":2,"5":1,"6":1,"7":1,"8":1},"f":{"0":2},"b":{},"_coverageSchema":"1a1c01bbd47fc00a2c39e90264f33305004495a9","hash":"5763df4430997011138d12a8b7aae88be2a4eb99"}
}
